
================
[2016-09-29 17:52:25.956064] segv_api.c:1211(DealSegv): SEGV: Pid 29369 Tid 0x7fb26bdc1840 DealSegv FirstEnter

[2016-09-29 17:52:25.956094] segv_api.c:1442(SEGV_GetThreadEntrySP): SEGV: SEGV_GetThreadEntrySP, GetThreadHashNode Error, dwKey:1136344738
[2016-09-29 17:52:25.956111] segv_api.c:1143(GetContextInfo): SEGV: Meet SIG:11 at 0x33:0x491c30, RSP:0x7fff48d01150, RBP:0x7fff48d58000, (errno:0 code:1 memaddr_ref:0x7fff48d58000), RSP of main:0x7fff48d011b0 of /home/session/pro_session, pid:29369, tid:140404290492480(0x7fb26bdc1840), RSP of Thread Entry:0x0
[2016-09-29 17:52:25.956120] segv_api.c:1220(DealSegv): SEGV: prepare to CallSaveMe()
[2016-09-29 17:52:25.956137] segv_api.c:910(CallSaveMe): SEGV: Memory map Start
00400000-004ff000 r-xp 00000000 08:01 49196                              /home/session/pro_session
005fe000-00608000 rwxp 000fe000 08:01 49196                              /home/session/pro_session
00608000-04ed1000 rwxp 00000000 00:00 0 
06e96000-06f7d000 rwxp 00000000 00:00 0                                  [heap]
7fb16ac48000-7fb16ae95000 rwxp 00000000 00:00 0 
7fb16ae95000-7fb16ae96000 ---p 00000000 00:00 0 
7fb16ae96000-7fb16aeb6000 rwxp 00000000 00:00 0 
7fb16aeb6000-7fb16aeb8000 ---p 00000000 00:00 0 
7fb16aeb8000-7fb16aed8000 rwxp 00000000 00:00 0 
7fb16aed8000-7fb16aeda000 ---p 00000000 00:00 0 
7fb16aeda000-7fb16aefa000 rwxp 00000000 00:00 0 
7fb16aefa000-7fb16aefc000 ---p 00000000 00:00 0 
7fb17b418000-7fb17b438000 rwxp 00000000 00:00 0 
7fb17b438000-7fb17b43a000 ---p 00000000 00:00 0 
7fb17b43a000-7fb17b45a000 rwxp 00000000 00:00 0 
7fb17b45a000-7fb17b45c000 ---p 00000000 00:00 0 
7fb17b45c000-7fb17b47c000 rwxp 00000000 00:00 0 
7fb17b47c000-7fb17b47e000 ---p 00000000 00:00 0 
7fb17b47e000-7fb17b49e000 rwxp 00000000 00:00 0 
7fb17b7ac000-7fb17b7ae000 ---p 00000000 00:00 0 
7fb17b7ae000-7fb17b7ce000 rwxp 00000000 00:00 0 
7fb17b7ce000-7fb17b7d0000 ---p 00000000 00:00 0 
7fb17b7d0000-7fb17b7f0000 rwxp 00000000 00:00 0 
7fb17b7f0000-7fb17b7f2000 ---p 00000000 00:00 0 
7fb17b7f2000-7fb17b812000 rwxp 00000000 00:00 0 
7fb17b812000-7fb17b814000 ---p 00000000 00:00 0 
7fb17b814000-7fb17b834000 rwxp 00000000 00:00 0 
7fb17b834000-7fb17b835000 ---p 00000000 00:00 0 
7fb17b835000-7fb17bc68000 rwxp 00000000 00:00 0 
7fb26873d000-7fb26875a000 r-xp 00000000 08:01 368846                     /lib64/libselinux.so.1
7fb26875a000-7fb268959000 ---p 0001d000 08:01 368846                     /lib64/libselinux.so.1
7fb268959000-7fb26895a000 r-xp 0001c000 08:01 368846                     /lib64/libselinux.so.1
7fb26895a000-7fb26895b000 rwxp 0001d000 08:01 368846                     /lib64/libselinux.so.1
7fb26895b000-7fb26895c000 rwxp 00000000 00:00 0 
7fb26895c000-7fb268972000 r-xp 00000000 08:01 368837                     /lib64/libresolv-2.12.so
7fb268972000-7fb268b72000 ---p 00016000 08:01 368837                     /lib64/libresolv-2.12.so
7fb268b72000-7fb268b73000 r-xp 00016000 08:01 368837                     /lib64/libresolv-2.12.so
7fb268b73000-7fb268b74000 rwxp 00017000 08:01 368837                     /lib64/libresolv-2.12.so
7fb268b74000-7fb268b76000 rwxp 00000000 00:00 0 
7fb268b76000-7fb268b78000 r-xp 00000000 08:01 368761                     /lib64/libkeyutils.so.1.3
7fb268b78000-7fb268d77000 ---p 00002000 08:01 368761                     /lib64/libkeyutils.so.1.3
7fb268d77000-7fb268d78000 r-xp 00001000 08:01 368761                     /lib64/libkeyutils.so.1.3
7fb268d78000-7fb268d79000 rwxp 00002000 08:01 368761                     /lib64/libkeyutils.so.1.3
7fb268d79000-7fb268d83000 r-xp 00000000 08:01 368765                     /lib64/libkrb5support.so.0.1
7fb268d83000-7fb268f82000 ---p 0000a000 08:01 368765                     /lib64/libkrb5support.so.0.1
7fb268f82000-7fb268f83000 r-xp 00009000 08:01 368765                     /lib64/libkrb5support.so.0.1
7fb268f83000-7fb268f84000 rwxp 0000a000 08:01 368765                     /lib64/libkrb5support.so.0.1
7fb268f84000-7fb268fae000 r-xp 00000000 08:01 368759                     /lib64/libk5crypto.so.3.1
7fb268fae000-7fb2691ad000 ---p 0002a000 08:01 368759                     /lib64/libk5crypto.so.3.1
7fb2691ad000-7fb2691af000 r-xp 00029000 08:01 368759                     /lib64/libk5crypto.so.3.1
7fb2691af000-7fb2691b0000 rwxp 0002b000 08:01 368759                     /lib64/libk5crypto.so.3.1
7fb2691b0000-7fb2691b3000 r-xp 00000000 08:01 368688                     /lib64/libcom_err.so.2.1
7fb2691b3000-7fb2693b2000 ---p 00003000 08:01 368688                     /lib64/libcom_err.so.2.1
7fb2693b2000-7fb2693b3000 r-xp 00002000 08:01 368688                     /lib64/libcom_err.so.2.1
7fb2693b3000-7fb2693b4000 rwxp 00003000 08:01 368688                     /lib64/libcom_err.so.2.1
7fb2693b4000-7fb269488000 r-xp 00000000 08:01 368763                     /lib64/libkrb5.so.3.3
7fb269488000-7fb269688000 ---p 000d4000 08:01 368763                     /lib64/libkrb5.so.3.3
7fb269688000-7fb269691000 r-xp 000d4000 08:01 368763                     /lib64/libkrb5.so.3.3
7fb269691000-7fb269693000 rwxp 000dd000 08:01 368763                     /lib64/libkrb5.so.3.3
7fb269693000-7fb2696d2000 r-xp 00000000 08:01 368741                     /lib64/libgssapi_krb5.so.2.2
7fb2696d2000-7fb2698d2000 ---p 0003f000 08:01 368741                     /lib64/libgssapi_krb5.so.2.2
7fb2698d2000-7fb2698d3000 r-xp 0003f000 08:01 368741                     /lib64/libgssapi_krb5.so.2.2
7fb2698d3000-7fb2698d5000 rwxp 00040000 08:01 368741                     /lib64/libgssapi_krb5.so.2.2
7fb2698d5000-7fb269932000 r-xp 00000000 08:01 368723                     /lib64/libfreebl3.so
7fb269932000-7fb269b31000 ---p 0005d000 08:01 368723                     /lib64/libfreebl3.so
7fb269b31000-7fb269b32000 r-xp 0005c000 08:01 368723                     /lib64/libfreebl3.so
7fb269b32000-7fb269b33000 rwxp 0005d000 08:01 368723                     /lib64/libfreebl3.so
7fb269b33000-7fb269b37000 rwxp 00000000 00:00 0 
7fb269b37000-7fb269cf1000 r-xp 00000000 08:01 451805                     /usr/lib64/libcrypto.so.1.0.1e
7fb269cf1000-7fb269ef0000 ---p 001ba000 08:01 451805                     /usr/lib64/libcrypto.so.1.0.1e
7fb269ef0000-7fb269f0b000 r-xp 001b9000 08:01 451805                     /usr/lib64/libcrypto.so.1.0.1e
7fb269f0b000-7fb269f17000 rwxp 001d4000 08:01 451805                     /usr/lib64/libcrypto.so.1.0.1e
7fb269f17000-7fb269f1b000 rwxp 00000000 00:00 0 
7fb269f1b000-7fb269f7d000 r-xp 00000000 08:01 452164                     /usr/lib64/libssl.so.1.0.1e
7fb269f7d000-7fb26a17c000 ---p 00062000 08:01 452164                     /usr/lib64/libssl.so.1.0.1e
7fb26a17c000-7fb26a180000 r-xp 00061000 08:01 452164                     /usr/lib64/libssl.so.1.0.1e
7fb26a180000-7fb26a187000 rwxp 00065000 08:01 452164                     /usr/lib64/libssl.so.1.0.1e
7fb26a187000-7fb26a19d000 r-xp 00000000 08:01 368777                     /lib64/libnsl-2.12.so
7fb26a19d000-7fb26a39c000 ---p 00016000 08:01 368777                     /lib64/libnsl-2.12.so
7fb26a39c000-7fb26a39d000 r-xp 00015000 08:01 368777                     /lib64/libnsl-2.12.so
7fb26a39d000-7fb26a39e000 rwxp 00016000 08:01 368777                     /lib64/libnsl-2.12.so
7fb26a39e000-7fb26a3a0000 rwxp 00000000 00:00 0 
7fb26a3a0000-7fb26a3a7000 r-xp 00000000 08:01 368686                     /lib64/libcrypt-2.12.so
7fb26a3a7000-7fb26a5a7000 ---p 00007000 08:01 368686                     /lib64/libcrypt-2.12.so
7fb26a5a7000-7fb26a5a8000 r-xp 00007000 08:01 368686                     /lib64/libcrypt-2.12.so
7fb26a5a8000-7fb26a5a9000 rwxp 00008000 08:01 368686                     /lib64/libcrypt-2.12.so
7fb26a5a9000-7fb26a5d7000 rwxp 00000000 00:00 0 
7fb26a5d7000-7fb26a5ee000 r-xp 00000000 08:01 368808                     /lib64/libpthread-2.12.so
7fb26a5ee000-7fb26a7ee000 ---p 00017000 08:01 368808                     /lib64/libpthread-2.12.so
7fb26a7ee000-7fb26a7ef000 r-xp 00017000 08:01 368808                     /lib64/libpthread-2.12.so
7fb26a7ef000-7fb26a7f0000 rwxp 00018000 08:01 368808                     /lib64/libpthread-2.12.so
7fb26a7f0000-7fb26a7f4000 rwxp 00000000 00:00 0 
7fb26a7f4000-7fb26a97e000 r-xp 00000000 08:01 368664                     /lib64/libc-2.12.so
7fb26a97e000-7fb26ab7e000 ---p 0018a000 08:01 368664                     /lib64/libc-2.12.so
7fb26ab7e000-7fb26ab82000 r-xp 0018a000 08:01 368664                     /lib64/libc-2.12.so
7fb26ab82000-7fb26ab83000 rwxp 0018e000 08:01 368664                     /lib64/libc-2.12.so
7fb26ab83000-7fb26ab88000 rwxp 00000000 00:00 0 
7fb26ab88000-7fb26ab9e000 r-xp 00000000 08:01 368726                     /lib64/libgcc_s-4.4.6-20110824.so.1
7fb26ab9e000-7fb26ad9d000 ---p 00016000 08:01 368726                     /lib64/libgcc_s-4.4.6-20110824.so.1
7fb26ad9d000-7fb26ad9e000 rwxp 00015000 08:01 368726                     /lib64/libgcc_s-4.4.6-20110824.so.1
7fb26ad9e000-7fb26ae21000 r-xp 00000000 08:01 368707                     /lib64/libm-2.12.so
7fb26ae21000-7fb26b020000 ---p 00083000 08:01 368707                     /lib64/libm-2.12.so
7fb26b020000-7fb26b021000 r-xp 00082000 08:01 368707                     /lib64/libm-2.12.so
7fb26b021000-7fb26b022000 rwxp 00083000 08:01 368707                     /lib64/libm-2.12.so
7fb26b022000-7fb26b037000 r-xp 00000000 08:01 368872                     /lib64/libz.so.1.2.3
7fb26b037000-7fb26b236000 ---p 00015000 08:01 368872                     /lib64/libz.so.1.2.3
7fb26b236000-7fb26b237000 r-xp 00014000 08:01 368872                     /lib64/libz.so.1.2.3
7fb26b237000-7fb26b238000 rwxp 00015000 08:01 368872                     /lib64/libz.so.1.2.3
7fb26b238000-7fb26b36d000 r-xp 00000000 08:01 458767                     /usr/lib64/mysql/libmysqlclient.so.16.0.0
7fb26b36d000-7fb26b56c000 ---p 00135000 08:01 458767                     /usr/lib64/mysql/libmysqlclient.so.16.0.0
7fb26b56c000-7fb26b5b9000 rwxp 00134000 08:01 458767                     /usr/lib64/mysql/libmysqlclient.so.16.0.0
7fb26b5b9000-7fb26b5ba000 rwxp 00000000 00:00 0 
7fb26b5ba000-7fb26b5bc000 r-xp 00000000 08:01 368690                     /lib64/libdl-2.12.so
7fb26b5bc000-7fb26b7bc000 ---p 00002000 08:01 368690                     /lib64/libdl-2.12.so
7fb26b7bc000-7fb26b7bd000 r-xp 00002000 08:01 368690                     /lib64/libdl-2.12.so
7fb26b7bd000-7fb26b7be000 rwxp 00003000 08:01 368690                     /lib64/libdl-2.12.so
7fb26b7be000-7fb26b8a6000 r-xp 00000000 08:01 452172                     /usr/lib64/libstdc++.so.6.0.13
7fb26b8a6000-7fb26baa6000 ---p 000e8000 08:01 452172                     /usr/lib64/libstdc++.so.6.0.13
7fb26baa6000-7fb26baad000 r-xp 000e8000 08:01 452172                     /usr/lib64/libstdc++.so.6.0.13
7fb26baad000-7fb26baaf000 rwxp 000ef000 08:01 452172                     /usr/lib64/libstdc++.so.6.0.13
7fb26baaf000-7fb26bac4000 rwxp 00000000 00:00 0 
7fb26bac4000-7fb26bacb000 r-xp 00000000 08:01 368843                     /lib64/librt-2.12.so
7fb26bacb000-7fb26bcca000 ---p 00007000 08:01 368843                     /lib64/librt-2.12.so
7fb26bcca000-7fb26bccb000 r-xp 00006000 08:01 368843                     /lib64/librt-2.12.so
7fb26bccb000-7fb26bccc000 rwxp 00007000 08:01 368843                     /lib64/librt-2.12.so
7fb26bccc000-7fb26bcec000 r-xp 00000000 08:01 369068                     /lib64/ld-2.12.so
7fb26bd06000-7fb26bd3b000 r-xs 00000000 08:01 90269                      /var/db/nscd/hosts
7fb26bddb000-7fb26bdde000 r-xp 00000000 08:01 368776                     /lib64/libonion_security.so.1.0.13
7fb26bdde000-7fb26bede000 ---p 00003000 08:01 368776                     /lib64/libonion_security.so.1.0.13
7fb26bede000-7fb26bedf000 rwxp 00003000 08:01 368776                     /lib64/libonion_security.so.1.0.13
7fb26bedf000-7fb26beeb000 rwxp 00000000 00:00 0 
7fb26beeb000-7fb26beec000 r-xp 0001f000 08:01 369068                     /lib64/ld-2.12.so
7fb26beec000-7fb26beed000 rwxp 00020000 08:01 369068                     /lib64/ld-2.12.so
7fb26beed000-7fb26beee000 rwxp 00000000 00:00 0 
7fff48cf9000-7fff48d58000 rwxp 00000000 00:00 0                          [stack]
7fff48dd7000-7fff48dd8000 r-xp 00000000 00:00 0                          [vdso]
ffffffffff600000-ffffffffff601000 r-xp 00000000 00:00 0                  [vsyscall]
[2016-09-29 17:52:25.961810] segv_api.c:917(CallSaveMe): SEGV: Memory map End

[2016-09-29 17:52:25.967127] segv_api.c:959(CallSaveMe): SEGV: Have Write Data to Shm Succ, Start:0x0000005fe000, End:0x000004ed1000, Len:0xa00000
[2016-09-29 17:52:25.967341] segv_api.c:976(CallSaveMe): SEGV: Have Write Stack to Shm Succ, Start:0x7fff48cf9000, End:0x7fff48d58000, Len:0x5f000

[2016-09-29 17:52:25.967374] segv_api.c:997(CallSaveMe): SEGV: Start to obtained stack frames.
[2016-09-29 17:52:25.967455] segv_api.c:1004(CallSaveMe): SEGV: Obtained 7 stack frames:
[0]:0x0000004a0ada
[1]:0x0000004a1cd5
[2]:0x7fb26a8266a0
[3]:0x000000491c30
[4]:0x00000040ff78
[5]:0x7fb26a812d5d
[6]:0x000000405c89

[2016-09-29 17:52:25.967618] segv_api.c:1097(DoRestart): SEGV: request to restart sent [3:saveme:/home/session|./pro_session |] succeed.
[2016-09-29 17:52:25.967644] segv_api.c:1230(DealSegv): SEGV: Pid 29369 Tid 0x7fb26bdc1840 DealSegv DoRestart

